py312-build_test: commands[0]> python --version
Python 3.12.11
py312-build_test: commands[1]> python -c 'import platform; print(platform.architecture())'
('64bit', 'ELF')
py312-build_test: commands[2]> python -m pip install --disable-pip-version-check --upgrade pip
Requirement already satisfied: pip in ./.tox/64/py312-build_test/lib/python3.12/site-packages (25.2)
py312-build_test: commands[3]> python -m pip list
Package     Version
----------- -------
coverage    7.9.2
flake8      7.1.2
hacking     7.0.0
iniconfig   2.1.0
Mako        1.3.10
MarkupSafe  3.0.2
mccabe      0.7.0
packaging   25.0
pep8-naming 0.15.1
pip         25.2
pluggy      1.6.0
pycodestyle 2.12.1
pyflakes    3.2.0
Pygments    2.19.2
pytest      8.4.1
py312-build_test: commands[4]> coverage run --rcfile=tools/coverage_unit_tests.rc --source build.helper -m pytest --pyargs build.helper
============================= test session starts ==============================
platform linux -- Python 3.12.11, pytest-8.4.1, pluggy-1.6.0 -- /home/rahur/nimipythonmyfork/nimi-python/.tox/64/py312-build_test/bin/python
cachedir: .tox/64/py312-build_test/.pytest_cache
rootdir: /home/rahur/nimipythonmyfork/nimi-python
configfile: tox.ini
collecting ... collected 1 item

build/helper/documentation_helper.py::build.helper.documentation_helper.as_rest_table PASSED [100%]

============================== 1 passed in 0.46s ===============================
py312-build_test: commands[5]> coverage run --append --rcfile=tools/coverage_unit_tests.rc --source build.helper -m pytest build/unit_tests -s
============================= test session starts ==============================
platform linux -- Python 3.12.11, pytest-8.4.1, pluggy-1.6.0 -- /home/rahur/nimipythonmyfork/nimi-python/.tox/64/py312-build_test/bin/python
cachedir: .tox/64/py312-build_test/.pytest_cache
rootdir: /home/rahur/nimipythonmyfork/nimi-python
configfile: tox.ini
collecting ... collected 93 items

build/unit_tests/test_codegen_helper.py::test_get_library_interpreter_method_return_snippet_vi PASSED
build/unit_tests/test_codegen_helper.py::test_get_library_interpreter_method_return_snippet_int PASSED
build/unit_tests/test_codegen_helper.py::test_get_library_interpreter_method_return_snippet_string PASSED
build/unit_tests/test_codegen_helper.py::test_get_library_interpreter_method_return_snippet_custom_type PASSED
build/unit_tests/test_codegen_helper.py::test_get_library_interpreter_method_return_snippet_enum PASSED
build/unit_tests/test_codegen_helper.py::test_get_library_interpreter_method_return_snippet_into PASSED
build/unit_tests/test_codegen_helper.py::test_get_grpc_interpreter_method_return_snippet_vi PASSED
build/unit_tests/test_codegen_helper.py::test_get_grpc_interpreter_method_return_snippet_int PASSED
build/unit_tests/test_codegen_helper.py::test_get_grpc_interpreter_method_return_snippet_string PASSED
build/unit_tests/test_codegen_helper.py::test_get_grpc_interpreter_method_return_snippet_custom_type PASSED
build/unit_tests/test_codegen_helper.py::test_get_grpc_interpreter_method_return_snippet_enum PASSED
build/unit_tests/test_codegen_helper.py::test_get_grpc_interpreter_method_return_snippet_bytes PASSED
build/unit_tests/test_codegen_helper.py::test_get_session_method_return_snippet PASSED
build/unit_tests/test_codegen_helper.py::test_get_session_method_return_snippet_non_numpy PASSED
build/unit_tests/test_codegen_helper.py::test_get_session_method_return_snippet_numpy PASSED
build/unit_tests/test_codegen_helper.py::test_get_enum_type_check_snippet PASSED
build/unit_tests/test_codegen_helper.py::test_get_buffer_parameters_for_size_parameter_none PASSED
build/unit_tests/test_codegen_helper.py::test_get_buffer_parameters_for_size_parameter PASSED
build/unit_tests/test_codegen_helper.py::test_get_ctype_variable_declaration_snippet_case_c010 PASSED
build/unit_tests/test_codegen_helper.py::test_get_ctype_variable_declaration_snippet_case_c020 PASSED
build/unit_tests/test_codegen_helper.py::test_get_ctype_variable_declaration_snippet_case_c030 PASSED
build/unit_tests/test_codegen_helper.py::test_get_ctype_variable_declaration_snippet_case_c050 PASSED
build/unit_tests/test_codegen_helper.py::test_get_ctype_variable_declaration_snippet_case_c060 PASSED
build/unit_tests/test_codegen_helper.py::test_get_ctype_variable_declaration_snippet_case_c070 PASSED
build/unit_tests/test_codegen_helper.py::test_get_ctype_variable_declaration_snippet_case_c080 PASSED
build/unit_tests/test_codegen_helper.py::test_get_ctype_variable_declaration_snippet_case_c090 PASSED
build/unit_tests/test_codegen_helper.py::test_get_ctype_variable_declaration_snippet_case_c100 PASSED
build/unit_tests/test_codegen_helper.py::test_get_ctype_variable_declaration_snippet_case_s110 PASSED
build/unit_tests/test_codegen_helper.py::test_get_ctype_variable_declaration_snippet_case_s120 PASSED
build/unit_tests/test_codegen_helper.py::test_get_ctype_variable_declaration_snippet_case_s130 PASSED
build/unit_tests/test_codegen_helper.py::test_get_ctype_variable_declaration_snippet_case_s150 PASSED
build/unit_tests/test_codegen_helper.py::test_get_ctype_variable_declaration_snippet_case_s160 PASSED
build/unit_tests/test_codegen_helper.py::test_get_ctype_variable_declaration_snippet_case_s170 PASSED
build/unit_tests/test_codegen_helper.py::test_get_ctype_variable_declaration_snippet_case_s180 PASSED
build/unit_tests/test_codegen_helper.py::test_get_ctype_variable_declaration_snippet_case_s2190 PASSED
build/unit_tests/test_codegen_helper.py::test_get_ctype_variable_declaration_snippet_case_s200 PASSED
build/unit_tests/test_codegen_helper.py::test_get_ctype_variable_declaration_snippet_case_s210 PASSED
build/unit_tests/test_codegen_helper.py::test_get_ctype_variable_declaration_snippet_case_s220 PASSED
build/unit_tests/test_codegen_helper.py::test_get_ctype_variable_declaration_snippet_case_b510 PASSED
build/unit_tests/test_codegen_helper.py::test_get_ctype_variable_declaration_snippet_case_b540 PASSED
build/unit_tests/test_codegen_helper.py::test_get_ctype_variable_declaration_snippet_case_b550_array PASSED
build/unit_tests/test_codegen_helper.py::test_get_ctype_variable_declaration_snippet_case_b550_list PASSED
build/unit_tests/test_codegen_helper.py::test_get_ctype_variable_declaration_snippet_case_b560 PASSED
build/unit_tests/test_codegen_helper.py::test_get_ctype_variable_declaration_snippet_case_b570 PASSED
build/unit_tests/test_codegen_helper.py::test_get_ctype_variable_declaration_snippet_case_b580_array PASSED
build/unit_tests/test_codegen_helper.py::test_get_ctype_variable_declaration_snippet_case_b590_array PASSED
build/unit_tests/test_codegen_helper.py::test_get_ctype_variable_declaration_snippet_case_b580_list PASSED
build/unit_tests/test_codegen_helper.py::test_get_ctype_variable_declaration_snippet_case_b590_list PASSED
build/unit_tests/test_codegen_helper.py::test_get_ctype_variable_declaration_snippet_case_b600 PASSED
build/unit_tests/test_codegen_helper.py::test_get_ctype_variable_declaration_snippet_case_b610_array PASSED
build/unit_tests/test_codegen_helper.py::test_get_ctype_variable_declaration_snippet_case_b620_array PASSED
build/unit_tests/test_codegen_helper.py::test_get_ctype_variable_declaration_snippet_case_b610_list PASSED
build/unit_tests/test_codegen_helper.py::test_get_ctype_variable_declaration_snippet_case_b620_list PASSED
build/unit_tests/test_codegen_helper.py::test_get_ctype_variable_declaration_snippet_bad_ivi_dance_step PASSED
build/unit_tests/test_codegen_helper.py::test_get_enum_value_snippet PASSED
build/unit_tests/test_documentation_helper.py::test_get_function_rst_default PASSED
build/unit_tests/test_documentation_helper.py::test_get_function_rst_numpy PASSED
build/unit_tests/test_documentation_helper.py::test_get_attribute_repeated_caps PASSED
build/unit_tests/test_documentation_helper.py::test_get_attribute_repeated_caps_with_conjunction PASSED
build/unit_tests/test_documentation_helper.py::test_module_supports_repeated_caps PASSED
build/unit_tests/test_documentation_helper.py::test_get_function_docstring_default PASSED
build/unit_tests/test_documentation_helper.py::test_get_function_docstring_numpy PASSED
build/unit_tests/test_documentation_helper.py::test_get_rst_header_snippet PASSED
build/unit_tests/test_documentation_helper.py::test_get_documentation_for_node_docstring PASSED
build/unit_tests/test_documentation_helper.py::test_get_rst_picture_reference PASSED
build/unit_tests/test_documentation_helper.py::test_square_up_tables PASSED
build/unit_tests/test_documentation_helper.py::test_add_notes_re_links PASSED
build/unit_tests/test_documentation_snippets.py::test_close_function_def_for_doc_note_not_list PASSED
build/unit_tests/test_documentation_snippets.py::test_close_function_def_for_doc_note_list PASSED
build/unit_tests/test_documentation_snippets.py::test_close_function_def_for_doc_no_note PASSED
build/unit_tests/test_documentation_snippets.py::test_initiate_function_def_for_doc_note_not_list PASSED
build/unit_tests/test_documentation_snippets.py::test_initiate_function_def_for_doc_note_list PASSED
build/unit_tests/test_documentation_snippets.py::test_initiate_function_def_for_doc_no_note PASSED
build/unit_tests/test_helper.py::test_get_development_status PASSED
build/unit_tests/test_helper.py::test_enum_uses_converter PASSED
build/unit_tests/test_metadata_add_all.py::test_add_functions_metadata_simple Couldn't find InitWithOptions init function
PASSED
build/unit_tests/test_metadata_add_all.py::test_add_attributes_metadata_simple PASSED
build/unit_tests/test_metadata_add_all.py::test_add_enums_metadata_simple PASSED
build/unit_tests/test_metadata_add_all.py::test_add_all_metadata_defaults Couldn't find InitWithOptions init function
PASSED
build/unit_tests/test_metadata_add_all.py::test_add_all_metadata Couldn't find InitWithOptions init function
PASSED
build/unit_tests/test_metadata_add_all.py::test_add_enum_codegen_method PASSED
build/unit_tests/test_metadata_add_all.py::test_add_enum_codegen_method_error PASSED
build/unit_tests/test_metadata_add_all.py::test_get_functions_that_use_enums PASSED
build/unit_tests/test_metadata_add_all.py::test_get_attributes_that_use_enums PASSED
build/unit_tests/test_metadata_add_all.py::test_get_least_restrictive_codegen_method PASSED
build/unit_tests/test_metadata_merge_dicts.py::test_merge_dict_second_is_empty PASSED
build/unit_tests/test_metadata_merge_dicts.py::test_merge_dict_key_exists PASSED
build/unit_tests/test_metadata_merge_dicts.py::test_merge_dict_recurse PASSED
build/unit_tests/test_metadata_merge_dicts.py::test_merge_dict_replace_in_list PASSED
build/unit_tests/test_metadata_merge_dicts.py::test_merge_dict_replace_in_dict_and_list PASSED
build/unit_tests/test_metadata_merge_dicts.py::test_merge_dict_with_regex PASSED
build/unit_tests/test_metadata_merge_dicts.py::test_merge_dict_with_regex_off PASSED
build/unit_tests/test_metadata_merge_dicts.py::test_merge_dict_top_level_key_missing PASSED

============================== 93 passed in 0.60s ==============================
py312-build_test: commands[6]> coverage report
Name                                      Stmts   Miss  Cover
-------------------------------------------------------------
build/helper/__init__.py                     53      0   100%
build/helper/codegen_helper.py              307     50    84%
build/helper/documentation_helper.py        519     60    88%
build/helper/documentation_snippets.py       53      8    85%
build/helper/helper.py                       52     11    79%
build/helper/metadata_add_all.py            434     82    81%
build/helper/metadata_filters.py            103     28    73%
build/helper/metadata_find.py                28      9    68%
build/helper/metadata_merge_dicts.py         43      9    79%
build/helper/parameter_usage_options.py      60      0   100%
-------------------------------------------------------------
TOTAL                                      1652    257    84%
py312-build_test: commands[7]> coverage xml -o codegen.xml
Wrote XML report to codegen.xml
py312-build_test: commands[8]> coverage html --directory=generated/htmlcov/unit_tests/codegen
Wrote HTML report to generated/htmlcov/unit_tests/codegen/index.html
py312-build_test: commands[9]> flake8 --config=./tox.ini '--per-file-ignores=build/unit_tests/*.py:F403,F405' build/
py312-build_test: OK ✔ in 3.85 seconds
py312-codegen: commands[0]> python --version
Python 3.12.11
py312-codegen: commands[1]> python -c 'import platform; print(platform.architecture())'
('64bit', 'ELF')
py312-codegen: commands[2]> python -m pip install --disable-pip-version-check --upgrade pip
Requirement already satisfied: pip in ./.tox/64/py312-codegen/lib/python3.12/site-packages (25.2)
py312-codegen: commands[3]> make

Making nifake
     Making dir: generated/nifake
     Making dir: generated/nifake/nifake
     Making dir: generated/nifake/nifake/unit_tests
     Making dir: generated/nifake/log
     Generating: generated/nifake/nifake/_attributes.py
     Generating: generated/nifake/nifake/enums.py
     Generating: generated/nifake/nifake/_library.py
     Generating: generated/nifake/nifake/_library_interpreter.py
     Generating: generated/nifake/nifake/_library_singleton.py
     Generating: generated/nifake/nifake/session.py
     Generating: generated/nifake/nifake/errors.py
     Generating: generated/nifake/nifake/unit_tests/_mock_helper.py
     Generating: generated/nifake/nifake/unit_tests/_matchers.py
     Generating: generated/nifake/nifake/__init__.py
     Generating: generated/nifake/nifake/_converters.py
     Generating: generated/nifake/nifake/VERSION
     Generating: generated/nifake/nifake/_grpc_stub_interpreter.py
     Generating: generated/nifake/nifake/grpc_session_options.py
     Generating: generated/nifake/nifake/nifake_pb2.py and nifake_pb2_grpc.py
     Generating: generated/nifake/nifake/nidevice_pb2.py and nidevice_pb2_grpc.py
     Generating: generated/nifake/nifake/session_pb2.py and session_pb2_grpc.py
     Generating: generated/nifake/nifake/_complextype.py
        Copying: generated/nifake/nifake/_visatype.py
        Copying: generated/nifake/nifake/custom_struct.py
        Copying: generated/nifake/nifake/custom_struct_typedef.py
        Copying: generated/nifake/nifake/custom_struct_nested_typedef.py
        Copying: generated/nifake/README.rst
     Generating: generated/nifake/setup.py
     Generating: generated/nifake/tox-system_tests.ini
        Copying: generated/nifake/nifake/unit_tests/test_converters.py
        Copying: generated/nifake/nifake/unit_tests/test_grpc.py
        Copying: generated/nifake/nifake/unit_tests/test_library_interpreter.py
        Copying: generated/nifake/nifake/unit_tests/test_library_singleton.py
        Copying: generated/nifake/nifake/unit_tests/test_session.py

Making nidcpower
     Making dir: generated/nidcpower
     Making dir: generated/nidcpower/nidcpower
     Making dir: generated/nidcpower/nidcpower/unit_tests
     Making dir: generated/nidcpower/log
     Making dir: generated/examples
     Generating: generated/nidcpower/nidcpower/_attributes.py
     Generating: generated/nidcpower/nidcpower/enums.py
     Generating: generated/nidcpower/nidcpower/_library.py
     Generating: generated/nidcpower/nidcpower/_library_interpreter.py
     Generating: generated/nidcpower/nidcpower/_library_singleton.py
     Generating: generated/nidcpower/nidcpower/session.py
Warning: "ConfigureOutputEnabled" not found in function metadata. Typo? Generated code will be funky!
Warning: "reset" not found in function metadata. Typo? Generated code will be funky!
Warning: "ConfigureOutputEnabled" not found in function metadata. Typo? Generated code will be funky!
Warning: "ConfigureOutputEnabled" not found in function metadata. Typo? Generated code will be funky!
     Generating: generated/nidcpower/nidcpower/errors.py
     Generating: generated/nidcpower/nidcpower/unit_tests/_mock_helper.py
     Generating: generated/nidcpower/nidcpower/unit_tests/_matchers.py
     Generating: generated/nidcpower/nidcpower/__init__.py
     Generating: generated/nidcpower/nidcpower/_converters.py
     Generating: generated/nidcpower/nidcpower/VERSION
     Generating: generated/nidcpower/nidcpower/_grpc_stub_interpreter.py
     Generating: generated/nidcpower/nidcpower/grpc_session_options.py
     Generating: generated/nidcpower/nidcpower/nidcpower_pb2.py and nidcpower_pb2_grpc.py
     Generating: generated/nidcpower/nidcpower/nidevice_pb2.py and nidevice_pb2_grpc.py
     Generating: generated/nidcpower/nidcpower/session_pb2.py and session_pb2_grpc.py
        Copying: generated/nidcpower/nidcpower/_visatype.py
        Copying: generated/nidcpower/nidcpower/lcr_load_compensation_spot.py
        Copying: generated/nidcpower/nidcpower/lcr_measurement.py
     Generating: docs/nidcpower/about_nidcpower.inc
     Generating: docs/nidcpower/index.rst
     Generating: docs/nidcpower/nidcpower.rst
     Generating: docs/nidcpower/enums.rst
     Generating: docs/nidcpower/examples.rst
     Generating: docs/nidcpower/installation.inc
     Generating: docs/nidcpower/status.inc
     Generating: docs/nidcpower/class.rst
Warning: "ConfigureOutputEnabled" not found in function metadata. Typo? Generated code will be funky!
Warning: "reset" not found in function metadata. Typo? Generated code will be funky!
Warning: "ConfigureOutputEnabled" not found in function metadata. Typo? Generated code will be funky!
     Generating: docs/nidcpower/toc.inc
     Generating: docs/nidcpower/errors.rst
     Generating: docs/nidcpower/rep_caps.rst
     Generating: docs/nidcpower/grpc_session_options.rst
       Creating: generated/nidcpower/README.rst
     Generating: generated/nidcpower/setup.py
     Generating: generated/nidcpower/tox-system_tests.ini
        Zipping: generated/examples/nidcpower_examples.zip
	zip warning: /home/rahur/nimipythonmyfork/nimi-python/generated/examples/nidcpower_examples.zip not found or empty
  adding: nidcpower_advanced_sequence.py (deflated 66%)
  adding: nidcpower_constant_resistance_and_constant_power.py (deflated 73%)
  adding: nidcpower_lcr_source_ac_voltage.py (deflated 71%)
  adding: nidcpower_measure_record.py (deflated 59%)
  adding: nidcpower_sink_dc_current_into_electronic_load.py (deflated 74%)
  adding: nidcpower_source_delay_measure.py (deflated 64%)
        Copying: generated/nidcpower/nidcpower/unit_tests/test_nidcpower.py
     Generating: docs/nidcpower/conf.py
     Generating: docs/nidcpower/.readthedocs.yaml

Making nidigital
     Making dir: generated/nidigital
     Making dir: generated/nidigital/nidigital
     Making dir: generated/nidigital/nidigital/unit_tests
     Making dir: generated/nidigital/log
     Generating: generated/nidigital/nidigital/_attributes.py
     Generating: generated/nidigital/nidigital/enums.py
     Generating: generated/nidigital/nidigital/_library.py
     Generating: generated/nidigital/nidigital/_library_interpreter.py
     Generating: generated/nidigital/nidigital/_library_singleton.py
     Generating: generated/nidigital/nidigital/session.py
Warning: "PPMU_ConfigureCurrentLevelRange" not found in function metadata. Typo? Generated code will be funky!
Warning: "PPMU_ConfigureCurrentLevelRange" not found in function metadata. Typo? Generated code will be funky!
Warning: "init" not found in function metadata. Typo? Generated code will be funky!
Warning: "init" not found in function metadata. Typo? Generated code will be funky!
Warning: "init" not found in function metadata. Typo? Generated code will be funky!
Warning: "init" not found in function metadata. Typo? Generated code will be funky!
Warning: "GetPatternPinIndexeswith" not found in function metadata. Typo? Generated code will be funky!
Warning: "GetChannelName" not found in function metadata. Typo? Generated code will be funky!
Warning: "SortSiteResultsViBoolean" not found in function metadata. Typo? Generated code will be funky!
     Generating: generated/nidigital/nidigital/errors.py
     Generating: generated/nidigital/nidigital/unit_tests/_mock_helper.py
     Generating: generated/nidigital/nidigital/unit_tests/_matchers.py
     Generating: generated/nidigital/nidigital/__init__.py
     Generating: generated/nidigital/nidigital/_converters.py
     Generating: generated/nidigital/nidigital/VERSION
     Generating: generated/nidigital/nidigital/_grpc_stub_interpreter.py
     Generating: generated/nidigital/nidigital/grpc_session_options.py
     Generating: generated/nidigital/nidigital/nidigitalpattern_pb2.py and nidigitalpattern_pb2_grpc.py
     Generating: generated/nidigital/nidigital/nidevice_pb2.py and nidevice_pb2_grpc.py
     Generating: generated/nidigital/nidigital/session_pb2.py and session_pb2_grpc.py
        Copying: generated/nidigital/nidigital/_visatype.py
        Copying: generated/nidigital/nidigital/history_ram_cycle_information.py
     Generating: docs/nidigital/about_nidigital.inc
     Generating: docs/nidigital/index.rst
     Generating: docs/nidigital/nidigital.rst
     Generating: docs/nidigital/enums.rst
     Generating: docs/nidigital/examples.rst
     Generating: docs/nidigital/installation.inc
     Generating: docs/nidigital/status.inc
     Generating: docs/nidigital/class.rst
Warning: "PPMU_ConfigureCurrentLevelRange" not found in function metadata. Typo? Generated code will be funky!
Warning: "init" not found in function metadata. Typo? Generated code will be funky!
Warning: "init" not found in function metadata. Typo? Generated code will be funky!
     Generating: docs/nidigital/toc.inc
     Generating: docs/nidigital/errors.rst
     Generating: docs/nidigital/rep_caps.rst
ROOT: [6190] KeyboardInterrupt - teardown started
ROOT: interrupt tox environment: py312-codegen
py312-codegen: exit -2 (16.73 seconds) /home/rahur/nimipythonmyfork/nimi-python> make pid=6521
  py312-build_test: OK (3.85=setup[0.04]+cmd[0.01,0.06,0.68,0.17,0.91,0.97,0.15,0.17,0.30,0.40] seconds)
  py312-codegen: FAIL code -2 (17.53=setup[0.01]+cmd[0.00,0.04,0.75,16.73] seconds)
  py312-installers: FAIL code -2 (0.01 seconds)
  py39-test: FAIL code -2 (0.01 seconds)
  py310-test: FAIL code -2 (0.01 seconds)
  py311-test: FAIL code -2 (0.01 seconds)
  py312-test: FAIL code -2 (0.01 seconds)
  py313-test: FAIL code -2 (0.01 seconds)
  py312-flake8: FAIL code -2 (0.01 seconds)
  py312-docs: FAIL code -2 (0.01 seconds)
  py312-pkg: FAIL code -2 (0.01 seconds)
  evaluation failed :( (21.43 seconds)
