build_test installed: coverage==4.4.1,flake8==3.4.1,hacking==1.0.0,Mako==1.0.7,MarkupSafe==1.0,mccabe==0.6.1,pbr==3.1.1,pep8==1.5.7,pep8-naming==0.4.1,py==1.4.34,pycodestyle==2.3.1,pyflakes==1.5.0,pytest==3.2.2,six==1.10.0
build_test runtests: PYTHONHASHSEED='2898977053'
build_test runtests: commands[0] | touch .coverage
build_test runtests: commands[1] | rm .coverage
build_test runtests: commands[2] | coverage run --append --source build.helper -m py.test --pyargs build.helper
============================= test session starts ==============================
platform darwin -- Python 3.6.1, pytest-3.2.2, py-1.4.34, pluggy-0.4.0 -- /Users/kirsch/Developer/nimi-python/.tox/build_test/bin/python3.6
cachedir: .cache
rootdir: /Users/kirsch/Developer/nimi-python, inifile: tox.ini
collecting ... collected 10 items

build/helper/documentation_helper.py::build.helper.documentation_helper.as_rest_table PASSED
build/helper/metadata_add_all.py::test_add_all_metadata_simple FAILED
build/helper/metadata_merge_dicts.py::test_merge_dict_second_is_empty PASSED
build/helper/metadata_merge_dicts.py::test_merge_dict_simple PASSED
build/helper/metadata_merge_dicts.py::test_merge_dict_first_is_empty PASSED
build/helper/metadata_merge_dicts.py::test_merge_dict_key_exists PASSED
build/helper/metadata_merge_dicts.py::test_merge_dict_recurse PASSED
build/helper/metadata_merge_dicts.py::test_merge_dict_replace_in_list PASSED
build/helper/metadata_merge_dicts.py::test_merge_dict_replace_in_dict_and_list PASSED
build/helper/metadata_merge_dicts.py::test_merge_dict_with_regex PASSED

=================================== FAILURES ===================================
_________________________ test_add_all_metadata_simple _________________________

    def test_add_all_metadata_simple():
        functions = {
            'makeAFoo': {
                'codegen_method': 'public',
                'returns': 'ViStatus',
                'parameters': [
                    {
                        'direction': 'in',
                        'enum': None,
                        'name': 'vi',
                        'type': 'ViSession',
                        'documentation': {
                            'description': 'Identifies a particular instrument session.',
                        },
                    },
                    {
                        'direction': 'in',
                        'enum': None,
                        'name': 'channelName',
                        'type': 'ViString',
                        'documentation': {
                            'description': 'The channel to call this on.',
                        },
                    },
                ],
                'documentation': {
                    'description': 'Performs a foo, and performs it well.',
                },
            },
            'private_method': {
                'codegen_method': 'private',
                'returns': 'ViStatus',
                'parameters': [
                    {
                        'direction': 'in',
                        'enum': None,
                        'name': 'vi',
                        'type': 'ViSession',
                        'documentation': {
                            'description': 'Identifies a particular instrument session.',
                        },
                    },
                    {
                        'direction': 'out',
                        'enum': None,
                        'name': 'status',
                        'type': 'ViString',
                        'documentation': {
                            'description': 'Return a device status',
                        },
                    }
                ],
                'documentation': {
                    'description': 'create a private method',
                },
            },
        }
        expected = {
            'makeAFoo': {
                'name': 'makeAFoo',
                'codegen_method': 'public',
                'documentation': {
                    'description': 'Performs a foo, and performs it well.'
                },
                'has_repeated_capability': True,
                'is_error_handling': False,
                'parameters': [
                    {
                        'ctypes_type': 'ViSession_ctype',
                        'ctypes_variable_name': 'vi_ctype',
                        'ctypes_type_library_call': 'ViSession_ctype',
                        'direction': 'in',
                        'documentation': {
                            'description': 'Identifies a particular instrument session.'
                        },
                        'is_repeated_capability': False,
                        'enum': None,
                        'intrinsic_type': 'int',
                        'is_buffer': False,
                        'name': 'vi',
                        'python_name': 'vi',
                        'python_name_with_default': 'vi',
                        'python_name_with_doc_default': 'vi',
                        'python_type': 'ViSession',
                        'size': {
                            'mechanism': 'fixed',
                            'value': 1
                        },
                        'type': 'ViSession',
                        'library_method_call_snippet': 'self._vi',
                    },
                    {
                        'ctypes_type': 'ViString_ctype',
                        'ctypes_variable_name': 'channel_name_ctype',
                        'ctypes_type_library_call': 'ViString_ctype',
                        'direction': 'in',
                        'documentation': {
                            'description': 'The channel to call this on.'
                        },
                        'is_repeated_capability': True,
                        'enum': None,
                        'intrinsic_type': 'str',
                        'is_buffer': False,
                        'name': 'channelName',
                        'python_name': 'channel_name',
                        'python_name_with_default': 'channel_name',
                        'python_name_with_doc_default': 'channel_name',
                        'python_type': 'ViString',
                        'size': {'mechanism': 'fixed', 'value': 1},
                        'type': 'ViString',
                        'library_method_call_snippet': 'self._repeated_capability.encode(\'ascii\')',
                    },
                ],
                'python_name': 'make_a_foo',
                'returns': 'ViStatus',
                'returns_ctype': 'ViStatus_ctype',
                'returns_python': 'ViStatus'
            },
            'private_method': {
                'codegen_method': 'private',
                'documentation': {
                    'description': 'create a private method'
                },
                'has_repeated_capability': False,
                'is_error_handling': False,
                'name': 'private_method',
                'parameters': [
                    {
                        'ctypes_type': 'ViSession_ctype',
                        'ctypes_type_library_call': 'ViSession_ctype',
                        'ctypes_variable_name': 'vi_ctype',
                        'direction': 'in',
                        'documentation': {
                            'description': 'Identifies a particular instrument session.'
                        },
                        'enum': None,
                        'intrinsic_type': 'int',
                        'is_buffer': False,
                        'is_repeated_capability': False,
                        'library_method_call_snippet': 'self._vi',
                        'name': 'vi',
                        'python_name': 'vi',
                        'python_name_with_default': 'vi',
                        'python_type': 'ViSession',
                        'size': {
                            'mechanism': 'fixed',
                            'value': 1
                        },
                        'type': 'ViSession'
                    },
                    {
                        'ctypes_type': 'ViString_ctype',
                        'ctypes_type_library_call': 'ViString_ctype',
                        'ctypes_variable_name': 'status_ctype',
                        'direction': 'out',
                        'documentation': {
                            'description': 'Return a device status'
                        },
                        'enum': None,
                        'intrinsic_type': 'str',
                        'is_buffer': False,
                        'is_repeated_capability': False,
                        'library_method_call_snippet': 'ctypes.pointer(status_ctype)',
                        'name': 'status',
                        'python_name': 'status',
                        'python_name_with_default': 'status',
                        'python_type': 'ViString',
                        'size': {
                            'mechanism': 'fixed',
                            'value': 1
                        },
                        'type': 'ViString'
                    }
                ],
                'python_name': '_private_method',
                'returns': 'ViStatus',
                'returns_ctype': 'ViStatus_ctype',
                'returns_python': 'ViStatus'
            }
        }
    
>       _do_the_test_add_all_metadata(functions, expected)

build/helper/metadata_add_all.py:392: 
_ _ _ _ _ _ _ _ _ _ _ _ _ _ _ _ _ _ _ _ _ _ _ _ _ _ _ _ _ _ _ _ _ _ _ _ _ _ _ _ 

functions = {'makeAFoo': {'codegen_method': 'public', 'documentation': {'description': 'Performs a foo, and performs it well.'}, '...cumentation': {'description': 'Return a device status'}, 'enum': None, 'name': 'status', ...}], 'returns': 'ViStatus'}}
expected = {'makeAFoo': {'codegen_method': 'public', 'documentation': {'description': 'Performs a foo, and performs it well.'}, '...ation': {'description': 'create a private method'}, 'has_repeated_capability': False, 'is_error_handling': False, ...}}

    def _do_the_test_add_all_metadata(functions, expected):
        actual = copy.deepcopy(functions)
        actual = add_all_function_metadata(actual, {'session_handle_parameter_name': 'vi', 'module_name': 'nifake'})
>       assert expected == actual, "\nfunctions = {0}\nexpected = {1}\nactual = {2}".format(pp.pformat(functions), pp.pformat(expected), pp.pformat(actual))
E       AssertionError: 
E         functions = {   'makeAFoo': {   'codegen_method': 'public',
E                             'documentation': {   'description': 'Performs a foo, and '
E                                                                 'performs it well.'},
E                             'parameters': [   {   'direction': 'in',
E                                                   'documentation': {   'description': 'Identifies '
E                                                                                       'a '
E                                                                                       'particular '
E                                                                                       'instrument '
E                                                                                       'session.'},
E                                                   'enum': None,
E                                                   'name': 'vi',
E                                                   'type': 'ViSession'},
E                                               {   'direction': 'in',
E                                                   'documentation': {   'description': 'The '
E                                                                                       'channel '
E                                                                                       'to '
E                                                                                       'call '
E                                                                                       'this '
E                                                                                       'on.'},
E                                                   'enum': None,
E                                                   'name': 'channelName',
E                                                   'type': 'ViString'}],
E                             'returns': 'ViStatus'},
E             'private_method': {   'codegen_method': 'private',
E                                   'documentation': {   'description': 'create a '
E                                                                       'private method'},
E                                   'parameters': [   {   'direction': 'in',
E                                                         'documentation': {   'description': 'Identifies '
E                                                                                             'a '
E                                                                                             'particular '
E                                                                                             'instrument '
E                                                                                             'session.'},
E                                                         'enum': None,
E                                                         'name': 'vi',
E                                                         'type': 'ViSession'},
E                                                     {   'direction': 'out',
E                                                         'documentation': {   'description': 'Return '
E                                                                                             'a '
E                                                                                             'device '
E                                                                                             'status'},
E                                                         'enum': None,
E                                                         'name': 'status',
E                                                         'type': 'ViString'}],
E                                   'returns': 'ViStatus'}}
E         expected = {   'makeAFoo': {   'codegen_method': 'public',
E                             'documentation': {   'description': 'Performs a foo, and '
E                                                                 'performs it well.'},
E                             'has_repeated_capability': True,
E                             'is_error_handling': False,
E                             'name': 'makeAFoo',
E                             'parameters': [   {   'ctypes_type': 'ViSession_ctype',
E                                                   'ctypes_type_library_call': 'ViSession_ctype',
E                                                   'ctypes_variable_name': 'vi_ctype',
E                                                   'direction': 'in',
E                                                   'documentation': {   'description': 'Identifies '
E                                                                                       'a '
E                                                                                       'particular '
E                                                                                       'instrument '
E                                                                                       'session.'},
E                                                   'enum': None,
E                                                   'intrinsic_type': 'int',
E                                                   'is_buffer': False,
E                                                   'is_repeated_capability': False,
E                                                   'library_method_call_snippet': 'self._vi',
E                                                   'name': 'vi',
E                                                   'python_name': 'vi',
E                                                   'python_name_with_default': 'vi',
E                                                   'python_name_with_doc_default': 'vi',
E                                                   'python_type': 'ViSession',
E                                                   'size': {   'mechanism': 'fixed',
E                                                               'value': 1},
E                                                   'type': 'ViSession'},
E                                               {   'ctypes_type': 'ViString_ctype',
E                                                   'ctypes_type_library_call': 'ViString_ctype',
E                                                   'ctypes_variable_name': 'channel_name_ctype',
E                                                   'direction': 'in',
E                                                   'documentation': {   'description': 'The '
E                                                                                       'channel '
E                                                                                       'to '
E                                                                                       'call '
E                                                                                       'this '
E                                                                                       'on.'},
E                                                   'enum': None,
E                                                   'intrinsic_type': 'str',
E                                                   'is_buffer': False,
E                                                   'is_repeated_capability': True,
E                                                   'library_method_call_snippet': "self._repeated_capability.encode('ascii')",
E                                                   'name': 'channelName',
E                                                   'python_name': 'channel_name',
E                                                   'python_name_with_default': 'channel_name',
E                                                   'python_name_with_doc_default': 'channel_name',
E                                                   'python_type': 'ViString',
E                                                   'size': {   'mechanism': 'fixed',
E                                                               'value': 1},
E                                                   'type': 'ViString'}],
E                             'python_name': 'make_a_foo',
E                             'returns': 'ViStatus',
E                             'returns_ctype': 'ViStatus_ctype',
E                             'returns_python': 'ViStatus'},
E             'private_method': {   'codegen_method': 'private',
E                                   'documentation': {   'description': 'create a '
E                                                                       'private method'},
E                                   'has_repeated_capability': False,
E                                   'is_error_handling': False,
E                                   'name': 'private_method',
E                                   'parameters': [   {   'ctypes_type': 'ViSession_ctype',
E                                                         'ctypes_type_library_call': 'ViSession_ctype',
E                                                         'ctypes_variable_name': 'vi_ctype',
E                                                         'direction': 'in',
E                                                         'documentation': {   'description': 'Identifies '
E                                                                                             'a '
E                                                                                             'particular '
E                                                                                             'instrument '
E                                                                                             'session.'},
E                                                         'enum': None,
E                                                         'intrinsic_type': 'int',
E                                                         'is_buffer': False,
E                                                         'is_repeated_capability': False,
E                                                         'library_method_call_snippet': 'self._vi',
E                                                         'name': 'vi',
E                                                         'python_name': 'vi',
E                                                         'python_name_with_default': 'vi',
E                                                         'python_type': 'ViSession',
E                                                         'size': {   'mechanism': 'fixed',
E                                                                     'value': 1},
E                                                         'type': 'ViSession'},
E                                                     {   'ctypes_type': 'ViString_ctype',
E                                                         'ctypes_type_library_call': 'ViString_ctype',
E                                                         'ctypes_variable_name': 'status_ctype',
E                                                         'direction': 'out',
E                                                         'documentation': {   'description': 'Return '
E                                                                                             'a '
E                                                                                             'device '
E                                                                                             'status'},
E                                                         'enum': None,
E                                                         'intrinsic_type': 'str',
E                                                         'is_buffer': False,
E                                                         'is_repeated_capability': False,
E                                                         'library_method_call_snippet': 'ctypes.pointer(status_ctype)',
E                                                         'name': 'status',
E                                                         'python_name': 'status',
E                                                         'python_name_with_default': 'status',
E                                                         'python_type': 'ViString',
E                                                         'size': {   'mechanism': 'fixed',
E                                                                     'value': 1},
E                                                         'type': 'ViString'}],
E                                   'python_name': '_private_method',
E                                   'returns': 'ViStatus',
E                                   'returns_ctype': 'ViStatus_ctype',
E                                   'returns_python': 'ViStatus'}}
E         actual = {   'makeAFoo': {   'codegen_method': 'public',
E                             'documentation': {   'description': 'Performs a foo, and '
E                                                                 'performs it well.'},
E                             'has_repeated_capability': True,
E                             'is_error_handling': False,
E                             'name': 'makeAFoo',
E                             'parameters': [   {   'ctypes_type': 'ViSession_ctype',
E                                                   'ctypes_type_library_call': 'ViSession_ctype',
E                                                   'ctypes_variable_name': 'vi_ctype',
E                                                   'direction': 'in',
E                                                   'documentation': {   'description': 'Identifies '
E                                                                                       'a '
E                                                                                       'particular '
E                                                                                       'instrument '
E                                                                                       'session.'},
E                                                   'enum': None,
E                                                   'intrinsic_type': 'int',
E                                                   'is_buffer': False,
E                                                   'is_repeated_capability': False,
E                                                   'library_method_call_snippet': 'self._vi',
E                                                   'name': 'vi',
E                                                   'python_name': 'vi',
E                                                   'python_name_with_default': 'vi',
E                                                   'python_name_with_doc_default': 'vi',
E                                                   'python_type': 'ViSession',
E                                                   'size': {   'mechanism': 'fixed',
E                                                               'value': 1},
E                                                   'type': 'ViSession'},
E                                               {   'ctypes_type': 'ViString_ctype',
E                                                   'ctypes_type_library_call': 'ViString_ctype',
E                                                   'ctypes_variable_name': 'channel_name_ctype',
E                                                   'direction': 'in',
E                                                   'documentation': {   'description': 'The '
E                                                                                       'channel '
E                                                                                       'to '
E                                                                                       'call '
E                                                                                       'this '
E                                                                                       'on.'},
E                                                   'enum': None,
E                                                   'intrinsic_type': 'str',
E                                                   'is_buffer': False,
E                                                   'is_repeated_capability': True,
E                                                   'library_method_call_snippet': "self._repeated_capability.encode('ascii')",
E                                                   'name': 'channelName',
E                                                   'python_name': 'channel_name',
E                                                   'python_name_with_default': 'channel_name',
E                                                   'python_name_with_doc_default': 'channel_name',
E                                                   'python_type': 'ViString',
E                                                   'size': {   'mechanism': 'fixed',
E                                                               'value': 1},
E                                                   'type': 'ViString'}],
E                             'python_name': 'make_a_foo',
E                             'returns': 'ViStatus',
E                             'returns_ctype': 'ViStatus_ctype',
E                             'returns_python': 'ViStatus'},
E             'private_method': {   'codegen_method': 'private',
E                                   'documentation': {   'description': 'create a '
E                                                                       'private method'},
E                                   'has_repeated_capability': False,
E                                   'is_error_handling': False,
E                                   'name': 'private_method',
E                                   'parameters': [   {   'ctypes_type': 'ViSession_ctype',
E                                                         'ctypes_type_library_call': 'ViSession_ctype',
E                                                         'ctypes_variable_name': 'vi_ctype',
E                                                         'direction': 'in',
E                                                         'documentation': {   'description': 'Identifies '
E                                                                                             'a '
E                                                                                             'particular '
E                                                                                             'instrument '
E                                                                                             'session.'},
E                                                         'enum': None,
E                                                         'intrinsic_type': 'int',
E                                                         'is_buffer': False,
E                                                         'is_repeated_capability': False,
E                                                         'library_method_call_snippet': 'self._vi',
E                                                         'name': 'vi',
E                                                         'python_name': 'vi',
E                                                         'python_name_with_default': 'vi',
E                                                         'python_name_with_doc_default': 'vi',
E                                                         'python_type': 'ViSession',
E                                                         'size': {   'mechanism': 'fixed',
E                                                                     'value': 1},
E                                                         'type': 'ViSession'},
E                                                     {   'ctypes_type': 'ViString_ctype',
E                                                         'ctypes_type_library_call': 'ViString_ctype',
E                                                         'ctypes_variable_name': 'status_ctype',
E                                                         'direction': 'out',
E                                                         'documentation': {   'description': 'Return '
E                                                                                             'a '
E                                                                                             'device '
E                                                                                             'status'},
E                                                         'enum': None,
E                                                         'intrinsic_type': 'str',
E                                                         'is_buffer': False,
E                                                         'is_repeated_capability': False,
E                                                         'library_method_call_snippet': 'ctypes.pointer(status_ctype)',
E                                                         'name': 'status',
E                                                         'python_name': 'status',
E                                                         'python_name_with_default': 'status',
E                                                         'python_name_with_doc_default': 'status',
E                                                         'python_type': 'ViString',
E                                                         'size': {   'mechanism': 'fixed',
E                                                                     'value': 1},
E                                                         'type': 'ViString'}],
E                                   'python_name': '_private_method',
E                                   'returns': 'ViStatus',
E                                   'returns_ctype': 'ViStatus_ctype',
E                                   'returns_python': 'ViStatus'}}
E       assert {'makeAFoo': ...: False, ...}} == {'makeAFoo': {...: False, ...}}
E         Omitting 1 identical items, use -vv to show
E         Differing items:
E         {'private_method': {'codegen_method': 'private', 'documentation': {'description': 'create a private method'}, 'has_repeated_capability': False, 'is_error_handling': False, ...}} != {'private_method': {'codegen_method': 'private', 'documentation': {'description': 'create a private method'}, 'has_repeated_capability': False, 'is_error_handling': False, ...}}
E         Full diff:
E         {'makeAFoo': {'codegen_method': 'public',
E         'documentation': {'description': 'Performs a foo, and performs '
E         'it well.'},...
E         
E         ...Full output truncated (95 lines hidden), use '-vv' to show

build/helper/metadata_add_all.py:208: AssertionError
====================== 1 failed, 9 passed in 0.44 seconds ======================
ERROR: InvocationError: '/Users/kirsch/Developer/nimi-python/.tox/build_test/bin/coverage run --append --source build.helper -m py.test --pyargs build.helper'
codegen installed: Mako==1.0.7,MarkupSafe==1.0
codegen runtests: PYTHONHASHSEED='2898977053'
codegen runtests: commands[0] | make

Making nifake
     Making dir: bin/nifake
     Making dir: bin/nifake/nifake
     Making dir: bin/nifake/nifake/tests
     Making dir: bin/nifake/log
     Generating: bin/nifake/nifake/attributes.py
     Generating: bin/nifake/nifake/enums.py
     Generating: bin/nifake/nifake/library.py
     Generating: bin/nifake/nifake/library_singleton.py
     Generating: bin/nifake/nifake/session.py
     Generating: bin/nifake/nifake/errors.py
     Generating: bin/nifake/nifake/tests/mock_helper.py
     Generating: bin/nifake/nifake/__init__.py
        Copying: bin/nifake/nifake/ctypes_types.py
        Copying: bin/nifake/nifake/python_types.py
     Generating: bin/nifake/setup.py
        Copying: bin/nifake/nifake/tests/test_session.py
       Updating: generated/nifake/
        Copying: bin/nifake/README.rst
 Creating wheel: bin/nifake/dist
zip_safe flag not set; analyzing archive contents...
 Creating sdist: bin/nifake/dist

Making nidcpower
     Making dir: bin/nidcpower
     Making dir: bin/nidcpower/nidcpower
     Making dir: bin/nidcpower/nidcpower/tests
     Making dir: bin/nidcpower/log
     Generating: bin/nidcpower/nidcpower/attributes.py
     Generating: bin/nidcpower/nidcpower/enums.py
     Generating: bin/nidcpower/nidcpower/library.py
     Generating: bin/nidcpower/nidcpower/library_singleton.py
     Generating: bin/nidcpower/nidcpower/session.py
     Generating: bin/nidcpower/nidcpower/errors.py
     Generating: bin/nidcpower/nidcpower/tests/mock_helper.py
     Generating: bin/nidcpower/nidcpower/__init__.py
        Copying: bin/nidcpower/nidcpower/ctypes_types.py
        Copying: bin/nidcpower/nidcpower/python_types.py
     Generating: bin/nidcpower/setup.py
     Generating: docs/nidcpower/session.rst
     Generating: docs/nidcpower/enums.rst
     Generating: docs/nidcpower/attributes.rst
     Generating: docs/nidcpower/functions.rst
     Generating: docs/nidcpower/examples.rst
       Updating: generated/nidcpower/
        Copying: bin/nidcpower/README.rst
 Creating wheel: bin/nidcpower/dist
zip_safe flag not set; analyzing archive contents...
 Creating sdist: bin/nidcpower/dist

Making nidmm
     Making dir: bin/nidmm
     Making dir: bin/nidmm/nidmm
     Making dir: bin/nidmm/nidmm/tests
     Making dir: bin/nidmm/log
     Generating: bin/nidmm/nidmm/attributes.py
     Generating: bin/nidmm/nidmm/enums.py
     Generating: bin/nidmm/nidmm/library.py
     Generating: bin/nidmm/nidmm/library_singleton.py
     Generating: bin/nidmm/nidmm/session.py
     Generating: bin/nidmm/nidmm/errors.py
     Generating: bin/nidmm/nidmm/tests/mock_helper.py
     Generating: bin/nidmm/nidmm/__init__.py
        Copying: bin/nidmm/nidmm/ctypes_types.py
        Copying: bin/nidmm/nidmm/python_types.py
     Generating: bin/nidmm/setup.py
     Generating: docs/nidmm/session.rst
     Generating: docs/nidmm/enums.rst
     Generating: docs/nidmm/attributes.rst
     Generating: docs/nidmm/functions.rst
     Generating: docs/nidmm/examples.rst
       Updating: generated/nidmm/
        Copying: bin/nidmm/README.rst
 Creating wheel: bin/nidmm/dist
zip_safe flag not set; analyzing archive contents...
 Creating sdist: bin/nidmm/dist

Making niswitch
     Making dir: bin/niswitch
     Making dir: bin/niswitch/niswitch
     Making dir: bin/niswitch/niswitch/tests
     Making dir: bin/niswitch/log
     Generating: bin/niswitch/niswitch/attributes.py
     Generating: bin/niswitch/niswitch/enums.py
     Generating: bin/niswitch/niswitch/library.py
     Generating: bin/niswitch/niswitch/library_singleton.py
     Generating: bin/niswitch/niswitch/session.py
     Generating: bin/niswitch/niswitch/errors.py
     Generating: bin/niswitch/niswitch/tests/mock_helper.py
     Generating: bin/niswitch/niswitch/__init__.py
        Copying: bin/niswitch/niswitch/ctypes_types.py
        Copying: bin/niswitch/niswitch/python_types.py
     Generating: bin/niswitch/setup.py
     Generating: docs/niswitch/session.rst
     Generating: docs/niswitch/enums.rst
     Generating: docs/niswitch/attributes.rst
     Generating: docs/niswitch/functions.rst
     Generating: docs/niswitch/examples.rst
       Updating: generated/niswitch/
        Copying: bin/niswitch/README.rst
 Creating wheel: bin/niswitch/dist
zip_safe flag not set; analyzing archive contents...
 Creating sdist: bin/niswitch/dist

Making nimodinst
     Making dir: bin/nimodinst
     Making dir: bin/nimodinst/nimodinst
     Making dir: bin/nimodinst/nimodinst/tests
     Making dir: bin/nimodinst/log
     Generating: bin/nimodinst/nimodinst/attributes.py
     Generating: bin/nimodinst/nimodinst/library.py
     Generating: bin/nimodinst/nimodinst/library_singleton.py
     Generating: bin/nimodinst/nimodinst/session.py
     Generating: bin/nimodinst/nimodinst/errors.py
     Generating: bin/nimodinst/nimodinst/tests/mock_helper.py
     Generating: bin/nimodinst/nimodinst/__init__.py
        Copying: bin/nimodinst/nimodinst/ctypes_types.py
        Copying: bin/nimodinst/nimodinst/python_types.py
     Generating: bin/nimodinst/setup.py
        Copying: bin/nimodinst/nimodinst/tests/test_modinst.py
     Generating: docs/nimodinst/session.rst
     Generating: docs/nimodinst/attributes.rst
     Generating: docs/nimodinst/functions.rst
     Generating: docs/nimodinst/examples.rst
       Updating: generated/nimodinst/
        Copying: bin/nimodinst/README.rst
 Creating wheel: bin/nimodinst/dist
zip_safe flag not set; analyzing archive contents...
 Creating sdist: bin/nimodinst/dist
py27-test installed: coverage==4.4.1,enum34==1.1.6,funcsigs==1.0.2,Mako==1.0.7,MarkupSafe==1.0,mock==2.0.0,pbr==3.1.1,py==1.4.34,pytest==3.2.2,six==1.10.0
py27-test runtests: PYTHONHASHSEED='2898977053'
py27-test runtests: commands[0] | coverage run --append --source nifake -m py.test bin/nifake/nifake
============================= test session starts ==============================
platform darwin -- Python 2.7.9, pytest-3.2.2, py-1.4.34, pluggy-0.4.0 -- /Users/kirsch/Developer/nimi-python/.tox/py27-test/bin/python
cachedir: .cache
rootdir: /Users/kirsch/Developer/nimi-python, inifile: tox.ini
collecting ... collected 43 items

bin/nifake/nifake/tests/test_session.py::TestSession::test_init_with_options PASSED
bin/nifake/nifake/tests/test_session.py::TestSession::test_init_with_options_nondefault PASSED
bin/nifake/nifake/tests/test_session.py::TestSession::test_error_on_init PASSED
bin/nifake/nifake/tests/test_session.py::TestSession::test_close PASSED
bin/nifake/nifake/tests/test_session.py::TestSession::test_session_context_manager PASSED
bin/nifake/nifake/tests/test_session.py::TestSession::test_library_singleton PASSED
bin/nifake/nifake/tests/test_session.py::TestSession::test_get_error_description_get_error PASSED
bin/nifake/nifake/tests/test_session.py::TestSession::test_simple_function PASSED
bin/nifake/nifake/tests/test_session.py::TestSession::test_method_with_error PASSED
bin/nifake/nifake/tests/test_session.py::TestSession::test_method_with_warning PASSED
bin/nifake/nifake/tests/test_session.py::TestSession::test_get_a_number PASSED
bin/nifake/nifake/tests/test_session.py::TestSession::test_invalid_method_call_not_enough_parameters PASSED
bin/nifake/nifake/tests/test_session.py::TestSession::test_invalid_method_call_wrong_type PASSED
bin/nifake/nifake/tests/test_session.py::TestSession::test_one_input_function PASSED
bin/nifake/nifake/tests/test_session.py::TestSession::test_vi_int_64_function PASSED
bin/nifake/nifake/tests/test_session.py::TestSession::test_two_input_function PASSED
bin/nifake/nifake/tests/test_session.py::TestSession::test_get_enum_value PASSED
bin/nifake/nifake/tests/test_session.py::TestSession::test_get_a_boolean PASSED
bin/nifake/nifake/tests/test_session.py::TestSession::test_acquisition_context_manager PASSED
bin/nifake/nifake/tests/test_session.py::TestSession::test_cannot_add_properties_to_session PASSED
bin/nifake/nifake/tests/test_session.py::TestSession::test_get_string_ivi_dance_error PASSED
bin/nifake/nifake/tests/test_session.py::TestSession::test_single_point_read PASSED
bin/nifake/nifake/tests/test_session.py::TestSession::test_single_point_read_nan PASSED
bin/nifake/nifake/tests/test_session.py::TestSession::test_repeated_capability_method_on_session PASSED
bin/nifake/nifake/tests/test_session.py::TestSession::test_repeated_capability_method_on_specific_channel PASSED
bin/nifake/nifake/tests/test_session.py::TestSession::test_device_method_not_exist_on_repeated_capability PASSED
bin/nifake/nifake/tests/test_session.py::TestSession::test_get_attribute_int32 PASSED
bin/nifake/nifake/tests/test_session.py::TestSession::test_set_attribute_int32 PASSED
bin/nifake/nifake/tests/test_session.py::TestSession::test_get_attribute_real64 PASSED
bin/nifake/nifake/tests/test_session.py::TestSession::test_get_attribute_string PASSED
bin/nifake/nifake/tests/test_session.py::TestSession::test_get_attribute_boolean PASSED
bin/nifake/nifake/tests/test_session.py::TestSession::test_get_attribute_enum_int32 PASSED
bin/nifake/nifake/tests/test_session.py::TestSession::test_set_attribute_enum_int32 PASSED
bin/nifake/nifake/tests/test_session.py::TestSession::test_set_enum_attribute_int32_bad_type PASSED
bin/nifake/nifake/tests/test_session.py::TestSession::test_get_attribute_enum_real64 PASSED
bin/nifake/nifake/tests/test_session.py::TestSession::test_set_attribute_enum_real64 PASSED
bin/nifake/nifake/tests/test_session.py::TestSession::test_get_attribute_channel_int32 PASSED
bin/nifake/nifake/tests/test_session.py::TestSession::test_set_attribute_channel_real64 PASSED
bin/nifake/nifake/tests/test_session.py::TestSession::test_set_attribute_error PASSED
bin/nifake/nifake/tests/test_session.py::TestSession::test_get_attribute_error PASSED
bin/nifake/nifake/tests/test_session.py::TestSession::test_get_error_description_get_error_message PASSED
bin/nifake/nifake/tests/test_session.py::TestSession::test_get_error_and_get_error_message_returns_error PASSED
bin/nifake/nifake/tests/test_session.py::TestSession::test_enum_input_function_with_defaults PASSED

========================== 43 passed in 3.14 seconds ===========================
py27-test runtests: commands[1] | coverage run --append --source nimodinst -m py.test bin/nimodinst/nimodinst
============================= test session starts ==============================
platform darwin -- Python 2.7.9, pytest-3.2.2, py-1.4.34, pluggy-0.4.0 -- /Users/kirsch/Developer/nimi-python/.tox/py27-test/bin/python
cachedir: .cache
rootdir: /Users/kirsch/Developer/nimi-python, inifile: tox.ini
collecting ... collected 19 items

bin/nimodinst/nimodinst/tests/test_modinst.py::TestSession::test_open PASSED
bin/nimodinst/nimodinst/tests/test_modinst.py::TestSession::test_close PASSED
bin/nimodinst/nimodinst/tests/test_modinst.py::TestSession::test_context_manager PASSED
bin/nimodinst/nimodinst/tests/test_modinst.py::TestSession::test_iterating_for PASSED
bin/nimodinst/nimodinst/tests/test_modinst.py::TestSession::test_iterating_next PASSED
bin/nimodinst/nimodinst/tests/test_modinst.py::TestSession::test_get_extended_error_info PASSED
bin/nimodinst/nimodinst/tests/test_modinst.py::TestSession::test_get_error_description_fails PASSED
bin/nimodinst/nimodinst/tests/test_modinst.py::TestSession::test_get_attribute_session PASSED
bin/nimodinst/nimodinst/tests/test_modinst.py::TestSession::test_get_attribute_vi_int32_for_loop_index PASSED
bin/nimodinst/nimodinst/tests/test_modinst.py::TestSession::test_get_attribute_vi_string_for_loop_index PASSED
bin/nimodinst/nimodinst/tests/test_modinst.py::TestSession::test_get_attribute_session_no_index PASSED
bin/nimodinst/nimodinst/tests/test_modinst.py::TestSession::test_get_attribute_vi_int32_for_loop_multiple_devices PASSED
bin/nimodinst/nimodinst/tests/test_modinst.py::TestSession::test_get_attribute_vi_string_for_loop_multiple_devices PASSED
bin/nimodinst/nimodinst/tests/test_modinst.py::TestSession::test_cannot_add_properties_to_session PASSED
bin/nimodinst/nimodinst/tests/test_modinst.py::TestSession::test_cannot_add_properties_to_device PASSED
bin/nimodinst/nimodinst/tests/test_modinst.py::TestSession::test_vi_int32_attribute_read_only PASSED
bin/nimodinst/nimodinst/tests/test_modinst.py::TestSession::test_vi_string_attribute_read_only PASSED
bin/nimodinst/nimodinst/tests/test_modinst.py::TestSession::test_int_attribute_error PASSED
bin/nimodinst/nimodinst/tests/test_modinst.py::TestSession::test_int_attribute_warning PASSED

========================== 19 passed in 0.51 seconds ===========================
py27-test runtests: commands[2] | coverage report
Name                                   Stmts   Miss  Cover
----------------------------------------------------------
bin/nifake/nifake/__init__.py              4      0   100%
bin/nifake/nifake/attributes.py           39      4    90%
bin/nifake/nifake/ctypes_types.py         35      4    89%
bin/nifake/nifake/enums.py                20      0   100%
bin/nifake/nifake/errors.py               38      2    95%
bin/nifake/nifake/python_types.py         49     10    80%
bin/nifake/nifake/session.py             226     33    85%
bin/nimodinst/nimodinst/session.py       124      1    99%
build/helper/__init__.py                  24      0   100%
build/helper/codegen_helper.py           102     74    27%
build/helper/documentation_helper.py     223    164    26%
build/helper/helper.py                    31     13    58%
build/helper/metadata_add_all.py         126     16    87%
build/helper/metadata_filters.py          16     11    31%
build/helper/metadata_find.py              8      6    25%
build/helper/metadata_merge_dicts.py      60      2    97%
----------------------------------------------------------
TOTAL                                   1125    340    70%
py27-test runtests: commands[3] | coverage html --directory=bin/htmlcov/unit_tests
py34-test create: /Users/kirsch/Developer/nimi-python/.tox/py34-test
ERROR: InterpreterNotFound: python3.4
py35-test create: /Users/kirsch/Developer/nimi-python/.tox/py35-test
ERROR: InterpreterNotFound: python3.5
py36-test installed: coverage==4.4.1,Mako==1.0.7,MarkupSafe==1.0,mock==2.0.0,pbr==3.1.1,py==1.4.34,pytest==3.2.2,six==1.10.0
py36-test runtests: PYTHONHASHSEED='2898977053'
py36-test runtests: commands[0] | coverage run --append --source nifake -m py.test bin/nifake/nifake
============================= test session starts ==============================
platform darwin -- Python 3.6.1, pytest-3.2.2, py-1.4.34, pluggy-0.4.0 -- /Users/kirsch/Developer/nimi-python/.tox/py36-test/bin/python3.6
cachedir: .cache
rootdir: /Users/kirsch/Developer/nimi-python, inifile: tox.ini
collecting ... collected 43 items

bin/nifake/nifake/tests/test_session.py::TestSession::test_init_with_options PASSED
bin/nifake/nifake/tests/test_session.py::TestSession::test_init_with_options_nondefault PASSED
bin/nifake/nifake/tests/test_session.py::TestSession::test_error_on_init PASSED
bin/nifake/nifake/tests/test_session.py::TestSession::test_close PASSED
bin/nifake/nifake/tests/test_session.py::TestSession::test_session_context_manager PASSED
bin/nifake/nifake/tests/test_session.py::TestSession::test_library_singleton PASSED
bin/nifake/nifake/tests/test_session.py::TestSession::test_get_error_description_get_error PASSED
bin/nifake/nifake/tests/test_session.py::TestSession::test_simple_function PASSED
bin/nifake/nifake/tests/test_session.py::TestSession::test_method_with_error PASSED
bin/nifake/nifake/tests/test_session.py::TestSession::test_method_with_warning PASSED
bin/nifake/nifake/tests/test_session.py::TestSession::test_get_a_number PASSED
bin/nifake/nifake/tests/test_session.py::TestSession::test_invalid_method_call_not_enough_parameters PASSED
bin/nifake/nifake/tests/test_session.py::TestSession::test_invalid_method_call_wrong_type PASSED
bin/nifake/nifake/tests/test_session.py::TestSession::test_one_input_function PASSED
bin/nifake/nifake/tests/test_session.py::TestSession::test_vi_int_64_function PASSED
bin/nifake/nifake/tests/test_session.py::TestSession::test_two_input_function PASSED
bin/nifake/nifake/tests/test_session.py::TestSession::test_get_enum_value PASSED
bin/nifake/nifake/tests/test_session.py::TestSession::test_get_a_boolean PASSED
bin/nifake/nifake/tests/test_session.py::TestSession::test_acquisition_context_manager PASSED
bin/nifake/nifake/tests/test_session.py::TestSession::test_cannot_add_properties_to_session PASSED
bin/nifake/nifake/tests/test_session.py::TestSession::test_get_string_ivi_dance_error PASSED
bin/nifake/nifake/tests/test_session.py::TestSession::test_single_point_read PASSED
bin/nifake/nifake/tests/test_session.py::TestSession::test_single_point_read_nan PASSED
bin/nifake/nifake/tests/test_session.py::TestSession::test_repeated_capability_method_on_session PASSED
bin/nifake/nifake/tests/test_session.py::TestSession::test_repeated_capability_method_on_specific_channel PASSED
bin/nifake/nifake/tests/test_session.py::TestSession::test_device_method_not_exist_on_repeated_capability PASSED
bin/nifake/nifake/tests/test_session.py::TestSession::test_get_attribute_int32 PASSED
bin/nifake/nifake/tests/test_session.py::TestSession::test_set_attribute_int32 PASSED
bin/nifake/nifake/tests/test_session.py::TestSession::test_get_attribute_real64 PASSED
bin/nifake/nifake/tests/test_session.py::TestSession::test_get_attribute_string PASSED
bin/nifake/nifake/tests/test_session.py::TestSession::test_get_attribute_boolean PASSED
bin/nifake/nifake/tests/test_session.py::TestSession::test_get_attribute_enum_int32 PASSED
bin/nifake/nifake/tests/test_session.py::TestSession::test_set_attribute_enum_int32 PASSED
bin/nifake/nifake/tests/test_session.py::TestSession::test_set_enum_attribute_int32_bad_type PASSED
bin/nifake/nifake/tests/test_session.py::TestSession::test_get_attribute_enum_real64 PASSED
bin/nifake/nifake/tests/test_session.py::TestSession::test_set_attribute_enum_real64 PASSED
bin/nifake/nifake/tests/test_session.py::TestSession::test_get_attribute_channel_int32 PASSED
bin/nifake/nifake/tests/test_session.py::TestSession::test_set_attribute_channel_real64 PASSED
bin/nifake/nifake/tests/test_session.py::TestSession::test_set_attribute_error PASSED
bin/nifake/nifake/tests/test_session.py::TestSession::test_get_attribute_error PASSED
bin/nifake/nifake/tests/test_session.py::TestSession::test_get_error_description_get_error_message PASSED
bin/nifake/nifake/tests/test_session.py::TestSession::test_get_error_and_get_error_message_returns_error PASSED
bin/nifake/nifake/tests/test_session.py::TestSession::test_enum_input_function_with_defaults PASSED

========================== 43 passed in 5.38 seconds ===========================
py36-test runtests: commands[1] | coverage run --append --source nimodinst -m py.test bin/nimodinst/nimodinst
============================= test session starts ==============================
platform darwin -- Python 3.6.1, pytest-3.2.2, py-1.4.34, pluggy-0.4.0 -- /Users/kirsch/Developer/nimi-python/.tox/py36-test/bin/python3.6
cachedir: .cache
rootdir: /Users/kirsch/Developer/nimi-python, inifile: tox.ini
collecting ... collected 19 items

bin/nimodinst/nimodinst/tests/test_modinst.py::TestSession::test_open PASSED
bin/nimodinst/nimodinst/tests/test_modinst.py::TestSession::test_close PASSED
bin/nimodinst/nimodinst/tests/test_modinst.py::TestSession::test_context_manager PASSED
bin/nimodinst/nimodinst/tests/test_modinst.py::TestSession::test_iterating_for PASSED
bin/nimodinst/nimodinst/tests/test_modinst.py::TestSession::test_iterating_next PASSED
bin/nimodinst/nimodinst/tests/test_modinst.py::TestSession::test_get_extended_error_info PASSED
bin/nimodinst/nimodinst/tests/test_modinst.py::TestSession::test_get_error_description_fails PASSED
bin/nimodinst/nimodinst/tests/test_modinst.py::TestSession::test_get_attribute_session PASSED
bin/nimodinst/nimodinst/tests/test_modinst.py::TestSession::test_get_attribute_vi_int32_for_loop_index PASSED
bin/nimodinst/nimodinst/tests/test_modinst.py::TestSession::test_get_attribute_vi_string_for_loop_index PASSED
bin/nimodinst/nimodinst/tests/test_modinst.py::TestSession::test_get_attribute_session_no_index PASSED
bin/nimodinst/nimodinst/tests/test_modinst.py::TestSession::test_get_attribute_vi_int32_for_loop_multiple_devices PASSED
bin/nimodinst/nimodinst/tests/test_modinst.py::TestSession::test_get_attribute_vi_string_for_loop_multiple_devices PASSED
bin/nimodinst/nimodinst/tests/test_modinst.py::TestSession::test_cannot_add_properties_to_session PASSED
bin/nimodinst/nimodinst/tests/test_modinst.py::TestSession::test_cannot_add_properties_to_device PASSED
bin/nimodinst/nimodinst/tests/test_modinst.py::TestSession::test_vi_int32_attribute_read_only PASSED
bin/nimodinst/nimodinst/tests/test_modinst.py::TestSession::test_vi_string_attribute_read_only PASSED
bin/nimodinst/nimodinst/tests/test_modinst.py::TestSession::test_int_attribute_error PASSED
bin/nimodinst/nimodinst/tests/test_modinst.py::TestSession::test_int_attribute_warning PASSED

========================== 19 passed in 0.43 seconds ===========================
py36-test runtests: commands[2] | coverage report
Name                                   Stmts   Miss  Cover
----------------------------------------------------------
bin/nifake/nifake/__init__.py              4      0   100%
bin/nifake/nifake/attributes.py           39      4    90%
bin/nifake/nifake/ctypes_types.py         35      4    89%
bin/nifake/nifake/enums.py                20      0   100%
bin/nifake/nifake/errors.py               38      2    95%
bin/nifake/nifake/python_types.py         49     10    80%
bin/nifake/nifake/session.py             226     33    85%
bin/nimodinst/nimodinst/session.py       124      0   100%
build/helper/__init__.py                  24      0   100%
build/helper/codegen_helper.py           102     74    27%
build/helper/documentation_helper.py     223    164    26%
build/helper/helper.py                    31     13    58%
build/helper/metadata_add_all.py         126     16    87%
build/helper/metadata_filters.py          16     11    31%
build/helper/metadata_find.py              8      6    25%
build/helper/metadata_merge_dicts.py      60      2    97%
----------------------------------------------------------
TOTAL                                   1125    339    70%
py36-test runtests: commands[3] | coverage html --directory=bin/htmlcov/unit_tests
pypy-test create: /Users/kirsch/Developer/nimi-python/.tox/pypy-test
ERROR: InterpreterNotFound: pypy
pypy3-test create: /Users/kirsch/Developer/nimi-python/.tox/pypy3-test
ERROR: InterpreterNotFound: pypy3
flake8 installed: flake8==3.4.1,hacking==0.13.0,mccabe==0.6.1,pbr==3.1.1,pep8==1.5.7,pep8-naming==0.4.1,pycodestyle==2.3.1,pyflakes==1.5.0,six==1.10.0
flake8 runtests: PYTHONHASHSEED='2898977053'
flake8 runtests: commands[0] | flake8 bin/
flake8 runtests: commands[1] | flake8 src/nidcpower/system_tests/
flake8 runtests: commands[2] | flake8 src/nidcpower/examples/
flake8 runtests: commands[3] | flake8 src/nidmm/system_tests/
flake8 runtests: commands[4] | flake8 src/nidmm/examples/
flake8 runtests: commands[5] | flake8 src/nimodinst/system_tests/
flake8 runtests: commands[6] | flake8 src/nimodinst/examples/
flake8 runtests: commands[7] | flake8 src/niswitch/system_tests/
flake8 runtests: commands[8] | flake8 src/niswitch/examples/
flake8 runtests: commands[9] | flake8 tools/
docs installed: alabaster==0.7.10,Babel==2.5.0,certifi==2017.7.27.1,chardet==3.0.4,docutils==0.14,idna==2.6,imagesize==0.7.1,Jinja2==2.9.6,MarkupSafe==1.0,Pygments==2.2.0,pytz==2017.2,requests==2.18.4,six==1.10.0,snowballstemmer==1.2.1,Sphinx==1.6.3,sphinx-rtd-theme==0.2.4,sphinxcontrib-websupport==1.0.1,urllib3==1.22
docs runtests: PYTHONHASHSEED='2898977053'
docs runtests: commands[0] | sphinx-build -b html -d /Users/kirsch/Developer/nimi-python/.tox/docs/tmp/doctrees . ../bin/docs/html
Running Sphinx v1.6.3
making output directory...
loading pickled environment... not yet created
loading intersphinx inventory from https://docs.python.org/objects.inv...
intersphinx inventory has moved: https://docs.python.org/objects.inv -> https://docs.python.org/2/objects.inv
building [mo]: targets for 0 po files that are out of date
building [html]: targets for 24 source files that are out of date
updating environment: 24 added, 0 changed, 0 removed
reading sources... [  4%] index
reading sources... [  8%] nidcpower
reading sources... [ 12%] nidcpower/attributes
reading sources... [ 16%] nidcpower/enums
reading sources... [ 20%] nidcpower/examples
reading sources... [ 25%] nidcpower/functions
reading sources... [ 29%] nidcpower/session
reading sources... [ 33%] nidmm
reading sources... [ 37%] nidmm/attributes
reading sources... [ 41%] nidmm/enums
reading sources... [ 45%] nidmm/examples
reading sources... [ 50%] nidmm/functions
reading sources... [ 54%] nidmm/session
reading sources... [ 58%] nimodinst
reading sources... [ 62%] nimodinst/attributes
reading sources... [ 66%] nimodinst/examples
reading sources... [ 70%] nimodinst/functions
reading sources... [ 75%] nimodinst/session
reading sources... [ 79%] niswitch
reading sources... [ 83%] niswitch/attributes
reading sources... [ 87%] niswitch/enums
reading sources... [ 91%] niswitch/examples
reading sources... [ 95%] niswitch/functions
reading sources... [100%] niswitch/session

/Users/kirsch/Developer/nimi-python/docs/nidcpower/functions.rst:8: WARNING: Inline interpreted text or phrase reference start-string without end-string.
/Users/kirsch/Developer/nimi-python/docs/nidcpower/functions.rst:56: WARNING: Inline interpreted text or phrase reference start-string without end-string.
/Users/kirsch/Developer/nimi-python/docs/nidcpower/functions.rst:79: WARNING: Inline interpreted text or phrase reference start-string without end-string.
/Users/kirsch/Developer/nimi-python/docs/nidcpower/functions.rst:147: WARNING: Inline interpreted text or phrase reference start-string without end-string.
/Users/kirsch/Developer/nimi-python/docs/nidcpower/functions.rst:207: WARNING: Inline interpreted text or phrase reference start-string without end-string.
/Users/kirsch/Developer/nimi-python/docs/nidcpower/functions.rst:265: WARNING: Inline interpreted text or phrase reference start-string without end-string.
/Users/kirsch/Developer/nimi-python/docs/nidcpower/functions.rst:317: WARNING: Inline interpreted text or phrase reference start-string without end-string.
/Users/kirsch/Developer/nimi-python/docs/nidcpower/functions.rst:387: WARNING: Inline interpreted text or phrase reference start-string without end-string.
/Users/kirsch/Developer/nimi-python/docs/nidcpower/functions.rst:439: WARNING: Inline interpreted text or phrase reference start-string without end-string.
/Users/kirsch/Developer/nimi-python/docs/nidcpower/functions.rst:490: WARNING: Inline interpreted text or phrase reference start-string without end-string.
/Users/kirsch/Developer/nimi-python/docs/nidcpower/functions.rst:541: WARNING: Inline interpreted text or phrase reference start-string without end-string.
/Users/kirsch/Developer/nimi-python/docs/nidcpower/functions.rst:593: WARNING: Inline interpreted text or phrase reference start-string without end-string.
/Users/kirsch/Developer/nimi-python/docs/nidcpower/functions.rst:644: WARNING: Inline interpreted text or phrase reference start-string without end-string.
/Users/kirsch/Developer/nimi-python/docs/nidcpower/functions.rst:695: WARNING: Inline interpreted text or phrase reference start-string without end-string.
/Users/kirsch/Developer/nimi-python/docs/nidcpower/functions.rst:745: WARNING: Inline interpreted text or phrase reference start-string without end-string.
/Users/kirsch/Developer/nimi-python/docs/nidcpower/functions.rst:841: WARNING: Inline interpreted text or phrase reference start-string without end-string.
/Users/kirsch/Developer/nimi-python/docs/nidcpower/functions.rst:904: WARNING: Inline interpreted text or phrase reference start-string without end-string.
/Users/kirsch/Developer/nimi-python/docs/nidcpower/functions.rst:975: WARNING: Inline interpreted text or phrase reference start-string without end-string.
/Users/kirsch/Developer/nimi-python/docs/nidcpower/functions.rst:1023: WARNING: Inline interpreted text or phrase reference start-string without end-string.
/Users/kirsch/Developer/nimi-python/docs/nidcpower/functions.rst:1084: WARNING: Inline interpreted text or phrase reference start-string without end-string.
/Users/kirsch/Developer/nimi-python/docs/nidcpower/functions.rst:1143: WARNING: Inline interpreted text or phrase reference start-string without end-string.
/Users/kirsch/Developer/nimi-python/docs/nidcpower/functions.rst:1204: WARNING: Inline interpreted text or phrase reference start-string without end-string.
/Users/kirsch/Developer/nimi-python/docs/nidcpower/functions.rst:1263: WARNING: Inline interpreted text or phrase reference start-string without end-string.
/Users/kirsch/Developer/nimi-python/docs/nidcpower/functions.rst:1322: WARNING: Inline interpreted text or phrase reference start-string without end-string.
/Users/kirsch/Developer/nimi-python/docs/nidcpower/functions.rst:1375: WARNING: Inline interpreted text or phrase reference start-string without end-string.
/Users/kirsch/Developer/nimi-python/docs/nidcpower/functions.rst:1433: WARNING: Inline interpreted text or phrase reference start-string without end-string.
/Users/kirsch/Developer/nimi-python/docs/nidcpower/functions.rst:1486: WARNING: Inline interpreted text or phrase reference start-string without end-string.
/Users/kirsch/Developer/nimi-python/docs/nidcpower/functions.rst:1546: WARNING: Inline interpreted text or phrase reference start-string without end-string.
/Users/kirsch/Developer/nimi-python/docs/nidcpower/functions.rst:1599: WARNING: Inline interpreted text or phrase reference start-string without end-string.
/Users/kirsch/Developer/nimi-python/docs/nidcpower/functions.rst:1657: WARNING: Inline interpreted text or phrase reference start-string without end-string.
/Users/kirsch/Developer/nimi-python/docs/nidcpower/functions.rst:1712: WARNING: Inline interpreted text or phrase reference start-string without end-string.
/Users/kirsch/Developer/nimi-python/docs/nidcpower/functions.rst:1763: WARNING: Inline interpreted text or phrase reference start-string without end-string.
/Users/kirsch/Developer/nimi-python/docs/nidcpower/functions.rst:1779: WARNING: Inline interpreted text or phrase reference start-string without end-string.
/Users/kirsch/Developer/nimi-python/docs/nidcpower/functions.rst:1795: WARNING: Inline interpreted text or phrase reference start-string without end-string.
/Users/kirsch/Developer/nimi-python/docs/nidcpower/functions.rst:1812: WARNING: Inline interpreted text or phrase reference start-string without end-string.
/Users/kirsch/Developer/nimi-python/docs/nidcpower/functions.rst:1828: WARNING: Inline interpreted text or phrase reference start-string without end-string.
/Users/kirsch/Developer/nimi-python/docs/nidcpower/functions.rst:1844: WARNING: Inline interpreted text or phrase reference start-string without end-string.
/Users/kirsch/Developer/nimi-python/docs/nidcpower/functions.rst:1876: WARNING: Inline interpreted text or phrase reference start-string without end-string.
/Users/kirsch/Developer/nimi-python/docs/nidcpower/functions.rst:1935: WARNING: Inline interpreted text or phrase reference start-string without end-string.
/Users/kirsch/Developer/nimi-python/docs/nidcpower/functions.rst:1988: WARNING: Inline interpreted text or phrase reference start-string without end-string.
/Users/kirsch/Developer/nimi-python/docs/nidcpower/functions.rst:2045: WARNING: Inline interpreted text or phrase reference start-string without end-string.
/Users/kirsch/Developer/nimi-python/docs/nidcpower/functions.rst:2098: WARNING: Inline interpreted text or phrase reference start-string without end-string.
/Users/kirsch/Developer/nimi-python/docs/nidcpower/functions.rst:2135: WARNING: Inline interpreted text or phrase reference start-string without end-string.
/Users/kirsch/Developer/nimi-python/docs/nidcpower/functions.rst:2296: WARNING: Inline interpreted text or phrase reference start-string without end-string.
/Users/kirsch/Developer/nimi-python/docs/nidcpower/functions.rst:2341: WARNING: Inline interpreted text or phrase reference start-string without end-string.
/Users/kirsch/Developer/nimi-python/docs/nidcpower/functions.rst:2381: WARNING: Inline interpreted text or phrase reference start-string without end-string.
/Users/kirsch/Developer/nimi-python/docs/nidcpower/functions.rst:2397: WARNING: Inline interpreted text or phrase reference start-string without end-string.
/Users/kirsch/Developer/nimi-python/docs/nidcpower/functions.rst:2419: WARNING: Inline interpreted text or phrase reference start-string without end-string.
/Users/kirsch/Developer/nimi-python/docs/nidcpower/functions.rst:2437: WARNING: Inline interpreted text or phrase reference start-string without end-string.
/Users/kirsch/Developer/nimi-python/docs/nidcpower/functions.rst:2457: WARNING: Inline interpreted text or phrase reference start-string without end-string.
/Users/kirsch/Developer/nimi-python/docs/nidcpower/functions.rst:2472: WARNING: Inline interpreted text or phrase reference start-string without end-string.
/Users/kirsch/Developer/nimi-python/docs/nidcpower/functions.rst:2560: WARNING: Inline interpreted text or phrase reference start-string without end-string.
/Users/kirsch/Developer/nimi-python/docs/nidcpower/functions.rst:2667: WARNING: Inline interpreted text or phrase reference start-string without end-string.
/Users/kirsch/Developer/nimi-python/docs/nidcpower/functions.rst:2731: WARNING: Inline interpreted text or phrase reference start-string without end-string.
/Users/kirsch/Developer/nimi-python/docs/nidcpower/functions.rst:2764: WARNING: Inline interpreted text or phrase reference start-string without end-string.
/Users/kirsch/Developer/nimi-python/docs/nidcpower/functions.rst:2871: WARNING: Inline interpreted text or phrase reference start-string without end-string.
/Users/kirsch/Developer/nimi-python/docs/nidcpower/functions.rst:2921: WARNING: Inline interpreted text or phrase reference start-string without end-string.
/Users/kirsch/Developer/nimi-python/docs/nidcpower/functions.rst:2976: WARNING: Inline interpreted text or phrase reference start-string without end-string.
/Users/kirsch/Developer/nimi-python/docs/nidcpower/functions.rst:3031: WARNING: Inline interpreted text or phrase reference start-string without end-string.
/Users/kirsch/Developer/nimi-python/docs/nidcpower/functions.rst:3071: WARNING: Inline interpreted text or phrase reference start-string without end-string.
/Users/kirsch/Developer/nimi-python/docs/nidcpower/functions.rst:3111: WARNING: Inline interpreted text or phrase reference start-string without end-string.
/Users/kirsch/Developer/nimi-python/docs/nidcpower/functions.rst:3151: WARNING: Inline interpreted text or phrase reference start-string without end-string.
/Users/kirsch/Developer/nimi-python/docs/nidcpower/functions.rst:3199: WARNING: Inline interpreted text or phrase reference start-string without end-string.
/Users/kirsch/Developer/nimi-python/docs/nidcpower/functions.rst:3219: WARNING: Inline interpreted text or phrase reference start-string without end-string.
/Users/kirsch/Developer/nimi-python/docs/nidcpower/functions.rst:3240: WARNING: Inline interpreted text or phrase reference start-string without end-string.
/Users/kirsch/Developer/nimi-python/docs/nidcpower/functions.rst:3256: WARNING: Inline interpreted text or phrase reference start-string without end-string.
/Users/kirsch/Developer/nimi-python/docs/nidcpower/functions.rst:3296: WARNING: Inline interpreted text or phrase reference start-string without end-string.
/Users/kirsch/Developer/nimi-python/docs/nidcpower/functions.rst:3368: WARNING: Inline interpreted text or phrase reference start-string without end-string.
/Users/kirsch/Developer/nimi-python/docs/nidcpower/functions.rst:3425: WARNING: Inline interpreted text or phrase reference start-string without end-string.
/Users/kirsch/Developer/nimi-python/docs/nidcpower/functions.rst:3439: WARNING: Inline interpreted text or phrase reference start-string without end-string.
/Users/kirsch/Developer/nimi-python/docs/nidcpower/functions.rst:3469: WARNING: Inline interpreted text or phrase reference start-string without end-string.
/Users/kirsch/Developer/nimi-python/docs/niswitch/functions.rst:794: WARNING: duplicate object description of niswitch.is_debounced, other instance in /Users/kirsch/Developer/nimi-python/docs/niswitch/attributes.rst, use :noindex: for one of them
/Users/kirsch/Developer/nimi-python/docs/niswitch/functions.rst:812: WARNING: duplicate object description of niswitch.is_scanning, other instance in /Users/kirsch/Developer/nimi-python/docs/niswitch/attributes.rst, use :noindex: for one of them
looking for now-outdated files... none found
pickling environment... done
checking consistency... done
preparing documents... done
writing output... [  4%] index
writing output... [  8%] nidcpower
writing output... [ 12%] nidcpower/attributes
writing output... [ 16%] nidcpower/enums
writing output... [ 20%] nidcpower/examples
writing output... [ 25%] nidcpower/functions
writing output... [ 29%] nidcpower/session
writing output... [ 33%] nidmm
writing output... [ 37%] nidmm/attributes
writing output... [ 41%] nidmm/enums
writing output... [ 45%] nidmm/examples
writing output... [ 50%] nidmm/functions
writing output... [ 54%] nidmm/session
writing output... [ 58%] nimodinst
writing output... [ 62%] nimodinst/attributes
writing output... [ 66%] nimodinst/examples
writing output... [ 70%] nimodinst/functions
writing output... [ 75%] nimodinst/session
writing output... [ 79%] niswitch
writing output... [ 83%] niswitch/attributes
writing output... [ 87%] niswitch/enums
writing output... [ 91%] niswitch/examples
writing output... [ 95%] niswitch/functions
writing output... [100%] niswitch/session

../README.rst:: WARNING: Could not obtain image size. :scale: option is ignored.
../README.rst:: WARNING: Could not obtain image size. :scale: option is ignored.
generating indices... genindex py-modindex
highlighting module code... [ 14%] nidcpower.enums
highlighting module code... [ 28%] nidcpower.session
highlighting module code... [ 42%] nidmm.enums
highlighting module code... [ 57%] nidmm.session
highlighting module code... [ 71%] nimodinst.session
highlighting module code... [ 85%] niswitch.enums
highlighting module code... [100%] niswitch.session

writing additional pages... search
copying static files... done
copying extra files... done
dumping search index in English (code: en) ... done
dumping object inventory... done
build succeeded, 75 warnings.
___________________________________ summary ____________________________________
ERROR:   build_test: commands failed
  codegen: commands succeeded
  py27-test: commands succeeded
SKIPPED:  py34-test: InterpreterNotFound: python3.4
SKIPPED:  py35-test: InterpreterNotFound: python3.5
  py36-test: commands succeeded
SKIPPED:  pypy-test: InterpreterNotFound: pypy
SKIPPED:  pypy3-test: InterpreterNotFound: pypy3
  flake8: commands succeeded
  docs: commands succeeded
